<?xml version="1.0" encoding="UTF-8"?>
<!-- Generated by org.testng.reporters.JUnitXMLReporter -->
<testsuite hostname="LAPTOP-HSA27IPQ" ignored="0" name="Test" tests="4" failures="0" timestamp="2024-03-06T16:56:19 IST" time="0.152" errors="0">
  <testcase name="job" time="0.014" classname="com.Automation.testNg10.Demo1"/>
  <testcase name="java" time="0.006" classname="com.Automation.testNg20.Program"/>
  <testcase name="hike" time="0.007" classname="com.Automation.testNg10.Demo2"/>
  <testcase name="python" time="0.003" classname="com.Automation.testNg20.Programer"/>
</testsuite> <!-- Test -->
